<?xml version="1.0" encoding="UTF-8"?>
<!-- Generated by org.testng.reporters.JUnitReportReporter -->
<testsuite hostname="DESKTOP-JGP7MVT" failures="0" tests="1" name="Testcase.VerifyDiv" time="10.558" errors="0" timestamp="2023-03-02T12:41:38 IST" skipped="0">
  <testcase classname="Testcase.VerifyDiv" name="div" time="10.558"/>
  <system-out/>
</testsuite> <!-- Testcase.VerifyDiv -->
