<?xml version="1.0" encoding="UTF-8"?>
<!-- Generated by org.testng.reporters.JUnitReportReporter -->
<testsuite hostname="DESKTOP-JGP7MVT" failures="0" tests="1" name="Testcase.VerifyMul" time="9.613" errors="0" timestamp="2023-03-02T12:41:38 IST" skipped="0">
  <testcase classname="Testcase.VerifyMul" name="mul" time="9.613"/>
  <system-out/>
</testsuite> <!-- Testcase.VerifyMul -->
