<?xml version="1.0" encoding="UTF-8"?>
<!-- Generated by org.testng.reporters.JUnitReportReporter -->
<testsuite hostname="DESKTOP-JGP7MVT" failures="0" tests="1" name="Testcase.VerifySub" time="8.175" errors="0" timestamp="2023-03-02T12:41:38 IST" skipped="0">
  <testcase classname="Testcase.VerifySub" name="sub" time="8.175"/>
  <system-out/>
</testsuite> <!-- Testcase.VerifySub -->
